This file contains any messages produced by compilers while
running configure, to aid debugging if configure makes a mistake.

It was created by jpmidi configure 0.3.1, which was
generated by GNU Autoconf 2.69.  Invocation command line was

  $ ./configure 

## --------- ##
## Platform. ##
## --------- ##

hostname = localhost
uname -m = x86_64
uname -r = 3.9.9-1-ARCH
uname -s = Linux
uname -v = #1 SMP PREEMPT Wed Jul 3 22:45:16 CEST 2013

/usr/bin/uname -p = unknown
/bin/uname -X     = unknown

/bin/arch              = unknown
/usr/bin/arch -k       = unknown
/usr/convex/getsysinfo = unknown
/usr/bin/hostinfo      = unknown
/bin/machine           = unknown
/usr/bin/oslevel       = unknown
/bin/universe          = unknown

PATH: /home/seijitsu/perl5/bin
PATH: /usr/local/sbin
PATH: /usr/local/bin
PATH: /usr/bin
PATH: /usr/bin/site_perl
PATH: /usr/bin/core_perl
PATH: /home/seijitsu/scripts


## ----------- ##
## Core tests. ##
## ----------- ##

configure:2148: checking build system type
configure:2162: result: x86_64-unknown-linux-gnu
configure:2182: checking host system type
configure:2195: result: x86_64-unknown-linux-gnu
configure:2215: checking target system type
configure:2228: result: x86_64-unknown-linux-gnu
configure:2272: checking for a BSD-compatible install
configure:2340: result: /usr/bin/install -c
configure:2351: checking whether build environment is sane
configure:2406: result: yes
configure:2444: WARNING: 'missing' script is too old or missing
configure:2557: checking for a thread-safe mkdir -p
configure:2596: result: /usr/bin/mkdir -p
configure:2603: checking for gawk
configure:2619: found /usr/bin/gawk
configure:2630: result: gawk
configure:2641: checking whether make sets $(MAKE)
configure:2663: result: yes
configure:2692: checking whether make supports nested variables
configure:2709: result: yes
configure:2886: checking for gcc
configure:2902: found /usr/bin/gcc
configure:2913: result: gcc
configure:3142: checking for C compiler version
configure:3151: gcc --version >&5
gcc (GCC) 4.8.1
Copyright (C) 2013 Free Software Foundation, Inc.
This is free software; see the source for copying conditions.  There is NO
warranty; not even for MERCHANTABILITY or FITNESS FOR A PARTICULAR PURPOSE.

configure:3162: $? = 0
configure:3151: gcc -v >&5
Using built-in specs.
COLLECT_GCC=gcc
COLLECT_LTO_WRAPPER=/usr/lib/gcc/x86_64-unknown-linux-gnu/4.8.1/lto-wrapper
Target: x86_64-unknown-linux-gnu
Configured with: /build/gcc/src/gcc-4.8.1/configure --prefix=/usr --libdir=/usr/lib --libexecdir=/usr/lib --mandir=/usr/share/man --infodir=/usr/share/info --with-bugurl=https://bugs.archlinux.org/ --enable-languages=c,c++,ada,fortran,go,lto,objc,obj-c++ --enable-shared --enable-threads=posix --with-system-zlib --enable-__cxa_atexit --disable-libunwind-exceptions --enable-clocale=gnu --disable-libstdcxx-pch --enable-gnu-unique-object --enable-linker-build-id --enable-cloog-backend=isl --disable-cloog-version-check --enable-lto --enable-gold --enable-ld=default --enable-plugin --with-plugin-ld=ld.gold --with-linker-hash-style=gnu --disable-install-libiberty --disable-multilib --disable-libssp --disable-werror --enable-checking=release
Thread model: posix
gcc version 4.8.1 (GCC) 
configure:3162: $? = 0
configure:3151: gcc -V >&5
gcc: error: unrecognized command line option '-V'
gcc: fatal error: no input files
compilation terminated.
configure:3162: $? = 1
configure:3151: gcc -qversion >&5
gcc: error: unrecognized command line option '-qversion'
gcc: fatal error: no input files
compilation terminated.
configure:3162: $? = 1
configure:3182: checking whether the C compiler works
configure:3204: gcc    conftest.c  >&5
configure:3208: $? = 0
configure:3256: result: yes
configure:3259: checking for C compiler default output file name
configure:3261: result: a.out
configure:3267: checking for suffix of executables
configure:3274: gcc -o conftest    conftest.c  >&5
configure:3278: $? = 0
configure:3300: result: 
configure:3322: checking whether we are cross compiling
configure:3330: gcc -o conftest    conftest.c  >&5
configure:3334: $? = 0
configure:3341: ./conftest
configure:3345: $? = 0
configure:3360: result: no
configure:3365: checking for suffix of object files
configure:3387: gcc -c   conftest.c >&5
configure:3391: $? = 0
configure:3412: result: o
configure:3416: checking whether we are using the GNU C compiler
configure:3435: gcc -c   conftest.c >&5
configure:3435: $? = 0
configure:3444: result: yes
configure:3453: checking whether gcc accepts -g
configure:3473: gcc -c -g  conftest.c >&5
configure:3473: $? = 0
configure:3514: result: yes
configure:3531: checking for gcc option to accept ISO C89
configure:3594: gcc  -c -g -O2  conftest.c >&5
configure:3594: $? = 0
configure:3607: result: none needed
configure:3632: checking whether gcc understands -c and -o together
configure:3654: gcc -c conftest.c -o conftest2.o
configure:3657: $? = 0
configure:3654: gcc -c conftest.c -o conftest2.o
configure:3657: $? = 0
configure:3669: result: yes
configure:3697: checking for style of include used by make
configure:3725: result: GNU
configure:3751: checking dependency style of gcc
configure:3862: result: gcc3
configure:3878: checking whether make sets $(MAKE)
configure:3900: result: yes
configure:3940: checking for main in -ljack
configure:3959: gcc -o conftest -g -O2   conftest.c -ljack   >&5
configure:3959: $? = 0
configure:3968: result: yes
configure:3990: checking how to run the C preprocessor
configure:4021: gcc -E  conftest.c
configure:4021: $? = 0
configure:4035: gcc -E  conftest.c
conftest.c:11:28: fatal error: ac_nonexistent.h: No such file or directory
 #include <ac_nonexistent.h>
                            ^
compilation terminated.
configure:4035: $? = 1
configure: failed program was:
| /* confdefs.h */
| #define PACKAGE_NAME "jpmidi"
| #define PACKAGE_TARNAME "jpmidi"
| #define PACKAGE_VERSION "0.3.1"
| #define PACKAGE_STRING "jpmidi 0.3.1"
| #define PACKAGE_BUGREPORT "rmouneyres@gmail.com"
| #define PACKAGE_URL ""
| #define PACKAGE "jpmidi"
| #define VERSION "0.3.1"
| /* end confdefs.h.  */
| #include <ac_nonexistent.h>
configure:4060: result: gcc -E
configure:4080: gcc -E  conftest.c
configure:4080: $? = 0
configure:4094: gcc -E  conftest.c
conftest.c:11:28: fatal error: ac_nonexistent.h: No such file or directory
 #include <ac_nonexistent.h>
                            ^
compilation terminated.
configure:4094: $? = 1
configure: failed program was:
| /* confdefs.h */
| #define PACKAGE_NAME "jpmidi"
| #define PACKAGE_TARNAME "jpmidi"
| #define PACKAGE_VERSION "0.3.1"
| #define PACKAGE_STRING "jpmidi 0.3.1"
| #define PACKAGE_BUGREPORT "rmouneyres@gmail.com"
| #define PACKAGE_URL ""
| #define PACKAGE "jpmidi"
| #define VERSION "0.3.1"
| /* end confdefs.h.  */
| #include <ac_nonexistent.h>
configure:4123: checking for grep that handles long lines and -e
configure:4181: result: /usr/bin/grep
configure:4186: checking for egrep
configure:4248: result: /usr/bin/grep -E
configure:4253: checking for ANSI C header files
configure:4273: gcc -c -g -O2  conftest.c >&5
configure:4273: $? = 0
configure:4346: gcc -o conftest -g -O2   conftest.c  >&5
configure:4346: $? = 0
configure:4346: ./conftest
configure:4346: $? = 0
configure:4357: result: yes
configure:4370: checking for sys/types.h
configure:4370: gcc -c -g -O2  conftest.c >&5
configure:4370: $? = 0
configure:4370: result: yes
configure:4370: checking for sys/stat.h
configure:4370: gcc -c -g -O2  conftest.c >&5
configure:4370: $? = 0
configure:4370: result: yes
configure:4370: checking for stdlib.h
configure:4370: gcc -c -g -O2  conftest.c >&5
configure:4370: $? = 0
configure:4370: result: yes
configure:4370: checking for string.h
configure:4370: gcc -c -g -O2  conftest.c >&5
configure:4370: $? = 0
configure:4370: result: yes
configure:4370: checking for memory.h
configure:4370: gcc -c -g -O2  conftest.c >&5
configure:4370: $? = 0
configure:4370: result: yes
configure:4370: checking for strings.h
configure:4370: gcc -c -g -O2  conftest.c >&5
configure:4370: $? = 0
configure:4370: result: yes
configure:4370: checking for inttypes.h
configure:4370: gcc -c -g -O2  conftest.c >&5
configure:4370: $? = 0
configure:4370: result: yes
configure:4370: checking for stdint.h
configure:4370: gcc -c -g -O2  conftest.c >&5
configure:4370: $? = 0
configure:4370: result: yes
configure:4370: checking for unistd.h
configure:4370: gcc -c -g -O2  conftest.c >&5
configure:4370: $? = 0
configure:4370: result: yes
configure:4382: checking jack/jack.h usability
configure:4382: gcc -c -g -O2  conftest.c >&5
configure:4382: $? = 0
configure:4382: result: yes
configure:4382: checking jack/jack.h presence
configure:4382: gcc -E  conftest.c
configure:4382: $? = 0
configure:4382: result: yes
configure:4382: checking for jack/jack.h
configure:4382: result: yes
configure:4392: checking jack/midiport.h usability
configure:4392: gcc -c -g -O2  conftest.c >&5
configure:4392: $? = 0
configure:4392: result: yes
configure:4392: checking jack/midiport.h presence
configure:4392: gcc -E  conftest.c
configure:4392: $? = 0
configure:4392: result: yes
configure:4392: checking for jack/midiport.h
configure:4392: result: yes
configure:4492: checking for pkg-config
configure:4510: found /usr/bin/pkg-config
configure:4522: result: /usr/bin/pkg-config
configure:4547: checking pkg-config is at least version 0.16
configure:4550: result: yes
configure:4567: checking for GLIB - version >= 2.0.0
configure:4682: gcc -o conftest -g -O2 -pthread -I/usr/include/glib-2.0 -I/usr/lib/glib-2.0/include    conftest.c -Wl,--export-dynamic -lgmodule-2.0 -pthread -lglib-2.0   >&5
configure:4682: $? = 0
configure:4682: ./conftest
configure:4682: $? = 0
configure:4696: result: yes (version 2.36.3)
configure:4775: checking for readline in -lreadline
configure:4800: gcc -o conftest -g -O2   conftest.c -lreadline   >&5
configure:4800: $? = 0
configure:4809: result: yes
configure:4901: checking readline/chardefs.h usability
configure:4901: gcc -c -g -O2  conftest.c >&5
configure:4901: $? = 0
configure:4901: result: yes
configure:4901: checking readline/chardefs.h presence
configure:4901: gcc -E  conftest.c
configure:4901: $? = 0
configure:4901: result: yes
configure:4901: checking for readline/chardefs.h
configure:4901: result: yes
configure:5035: checking that generated files are newer than configure
configure:5041: result: done
configure:5068: creating ./config.status

## ---------------------- ##
## Running config.status. ##
## ---------------------- ##

This file was extended by jpmidi config.status 0.3.1, which was
generated by GNU Autoconf 2.69.  Invocation command line was

  CONFIG_FILES    = 
  CONFIG_HEADERS  = 
  CONFIG_LINKS    = 
  CONFIG_COMMANDS = 
  $ ./config.status 

on localhost

config.status:878: creating Makefile
config.status:878: creating config/Makefile
config.status:878: creating src/Makefile
config.status:878: creating config.h
config.status:1059: config.h is unchanged
config.status:1107: executing depfiles commands

## ---------------- ##
## Cache variables. ##
## ---------------- ##

ac_cv_build=x86_64-unknown-linux-gnu
ac_cv_c_compiler_gnu=yes
ac_cv_env_CC_set=
ac_cv_env_CC_value=
ac_cv_env_CFLAGS_set=
ac_cv_env_CFLAGS_value=
ac_cv_env_CPPFLAGS_set=
ac_cv_env_CPPFLAGS_value=
ac_cv_env_CPP_set=
ac_cv_env_CPP_value=
ac_cv_env_LDFLAGS_set=
ac_cv_env_LDFLAGS_value=
ac_cv_env_LIBS_set=
ac_cv_env_LIBS_value=
ac_cv_env_PKG_CONFIG_LIBDIR_set=
ac_cv_env_PKG_CONFIG_LIBDIR_value=
ac_cv_env_PKG_CONFIG_PATH_set=
ac_cv_env_PKG_CONFIG_PATH_value=
ac_cv_env_PKG_CONFIG_set=
ac_cv_env_PKG_CONFIG_value=
ac_cv_env_build_alias_set=
ac_cv_env_build_alias_value=
ac_cv_env_host_alias_set=
ac_cv_env_host_alias_value=
ac_cv_env_target_alias_set=
ac_cv_env_target_alias_value=
ac_cv_header_inttypes_h=yes
ac_cv_header_jack_jack_h=yes
ac_cv_header_jack_midiport_h=yes
ac_cv_header_memory_h=yes
ac_cv_header_readline_chardefs_h=yes
ac_cv_header_stdc=yes
ac_cv_header_stdint_h=yes
ac_cv_header_stdlib_h=yes
ac_cv_header_string_h=yes
ac_cv_header_strings_h=yes
ac_cv_header_sys_stat_h=yes
ac_cv_header_sys_types_h=yes
ac_cv_header_unistd_h=yes
ac_cv_host=x86_64-unknown-linux-gnu
ac_cv_lib_jack_main=yes
ac_cv_lib_readline_readline=yes
ac_cv_objext=o
ac_cv_path_EGREP='/usr/bin/grep -E'
ac_cv_path_GREP=/usr/bin/grep
ac_cv_path_ac_pt_PKG_CONFIG=/usr/bin/pkg-config
ac_cv_path_install='/usr/bin/install -c'
ac_cv_path_mkdir=/usr/bin/mkdir
ac_cv_prog_AWK=gawk
ac_cv_prog_CPP='gcc -E'
ac_cv_prog_ac_ct_CC=gcc
ac_cv_prog_cc_c89=
ac_cv_prog_cc_g=yes
ac_cv_prog_make_make_set=yes
ac_cv_target=x86_64-unknown-linux-gnu
am_cv_CC_dependencies_compiler_type=gcc3
am_cv_make_support_nested_variables=yes
am_cv_prog_cc_c_o=yes

## ----------------- ##
## Output variables. ##
## ----------------- ##

ACLOCAL='aclocal-1.14'
AMDEPBACKSLASH='\'
AMDEP_FALSE='#'
AMDEP_TRUE=''
AMTAR='$${TAR-tar}'
AM_BACKSLASH='\'
AM_DEFAULT_V='$(AM_DEFAULT_VERBOSITY)'
AM_DEFAULT_VERBOSITY='1'
AM_V='$(V)'
AUTOCONF='autoconf'
AUTOHEADER='autoheader'
AUTOMAKE='automake-1.14'
AWK='gawk'
CC='gcc'
CCDEPMODE='depmode=gcc3'
CFLAGS='-g -O2'
CPP='gcc -E'
CPPFLAGS=''
CYGPATH_W='echo'
DEFS='-DHAVE_CONFIG_H'
DEPDIR='.deps'
ECHO_C=''
ECHO_N='-n'
ECHO_T=''
EGREP='/usr/bin/grep -E'
EXEEXT=''
GLIB_CFLAGS='-pthread -I/usr/include/glib-2.0 -I/usr/lib/glib-2.0/include '
GLIB_COMPILE_RESOURCES='glib-compile-resources'
GLIB_GENMARSHAL='glib-genmarshal'
GLIB_LIBS='-Wl,--export-dynamic -lgmodule-2.0 -pthread -lglib-2.0 '
GLIB_MKENUMS='glib-mkenums'
GOBJECT_QUERY='gobject-query'
GREP='/usr/bin/grep'
HAVE_READLINE_FALSE='#'
HAVE_READLINE_TRUE=''
INSTALL_DATA='${INSTALL} -m 644'
INSTALL_PROGRAM='${INSTALL}'
INSTALL_SCRIPT='${INSTALL}'
INSTALL_STRIP_PROGRAM='$(install_sh) -c -s'
LDFLAGS=''
LIBOBJS=''
LIBS=''
LTLIBOBJS=''
MAKEINFO='makeinfo'
MKDIR_P='/usr/bin/mkdir -p'
OBJEXT='o'
PACKAGE='jpmidi'
PACKAGE_BUGREPORT='rmouneyres@gmail.com'
PACKAGE_NAME='jpmidi'
PACKAGE_STRING='jpmidi 0.3.1'
PACKAGE_TARNAME='jpmidi'
PACKAGE_URL=''
PACKAGE_VERSION='0.3.1'
PATH_SEPARATOR=':'
PKG_CONFIG='/usr/bin/pkg-config'
PKG_CONFIG_LIBDIR=''
PKG_CONFIG_PATH=''
READLINE_DEPS=''
SET_MAKE=''
SHELL='/bin/sh'
STRIP=''
VERSION='0.3.1'
ac_ct_CC='gcc'
am__EXEEXT_FALSE=''
am__EXEEXT_TRUE='#'
am__fastdepCC_FALSE='#'
am__fastdepCC_TRUE=''
am__include='include'
am__isrc=''
am__leading_dot='.'
am__nodep='_no'
am__quote=''
am__tar='$${TAR-tar} chof - "$$tardir"'
am__untar='$${TAR-tar} xf -'
bindir='${exec_prefix}/bin'
build='x86_64-unknown-linux-gnu'
build_alias=''
build_cpu='x86_64'
build_os='linux-gnu'
build_vendor='unknown'
datadir='${datarootdir}'
datarootdir='${prefix}/share'
docdir='${datarootdir}/doc/${PACKAGE_TARNAME}'
dvidir='${docdir}'
exec_prefix='${prefix}'
host='x86_64-unknown-linux-gnu'
host_alias=''
host_cpu='x86_64'
host_os='linux-gnu'
host_vendor='unknown'
htmldir='${docdir}'
includedir='${prefix}/include'
infodir='${datarootdir}/info'
install_sh='${SHELL} /home/seijitsu/jpmidi-0.35/jpmidi/config/install-sh'
libdir='${exec_prefix}/lib'
libexecdir='${exec_prefix}/libexec'
localedir='${datarootdir}/locale'
localstatedir='${prefix}/var'
mandir='${datarootdir}/man'
mkdir_p='$(MKDIR_P)'
oldincludedir='/usr/include'
pdfdir='${docdir}'
prefix='/usr/local'
program_transform_name='s,x,x,'
psdir='${docdir}'
sbindir='${exec_prefix}/sbin'
sharedstatedir='${prefix}/com'
sysconfdir='${prefix}/etc'
target='x86_64-unknown-linux-gnu'
target_alias=''
target_cpu='x86_64'
target_os='linux-gnu'
target_vendor='unknown'

## ----------- ##
## confdefs.h. ##
## ----------- ##

/* confdefs.h */
#define PACKAGE_NAME "jpmidi"
#define PACKAGE_TARNAME "jpmidi"
#define PACKAGE_VERSION "0.3.1"
#define PACKAGE_STRING "jpmidi 0.3.1"
#define PACKAGE_BUGREPORT "rmouneyres@gmail.com"
#define PACKAGE_URL ""
#define PACKAGE "jpmidi"
#define VERSION "0.3.1"
#define STDC_HEADERS 1
#define HAVE_SYS_TYPES_H 1
#define HAVE_SYS_STAT_H 1
#define HAVE_STDLIB_H 1
#define HAVE_STRING_H 1
#define HAVE_MEMORY_H 1
#define HAVE_STRINGS_H 1
#define HAVE_INTTYPES_H 1
#define HAVE_STDINT_H 1
#define HAVE_UNISTD_H 1

configure: exit 0

## ---------------------- ##
## Running config.status. ##
## ---------------------- ##

This file was extended by jpmidi config.status 0.3.1, which was
generated by GNU Autoconf 2.69.  Invocation command line was

  CONFIG_FILES    = 
  CONFIG_HEADERS  = 
  CONFIG_LINKS    = 
  CONFIG_COMMANDS = 
  $ ./config.status Makefile

on localhost

config.status:878: creating Makefile

## ---------------------- ##
## Running config.status. ##
## ---------------------- ##

This file was extended by jpmidi config.status 0.3.1, which was
generated by GNU Autoconf 2.69.  Invocation command line was

  CONFIG_FILES    = 
  CONFIG_HEADERS  = 
  CONFIG_LINKS    = 
  CONFIG_COMMANDS = 
  $ ./config.status src/Makefile depfiles

on localhost

config.status:878: creating src/Makefile
config.status:1107: executing depfiles commands
